# JRE version: OpenJDK Runtime Environment Temurin-21.0.11+10 (21.0.11+10) (build 21.0.11+10-LTS)
# Java VM: OpenJDK 64-Bit Server VM Temurin-21.0.11+10 (21.0.11+10-LTS, mixed mode, sharing, tiered, compressed oops, compressed class ptrs, parallel gc, windows-amd64)
GC Precious Log:
 CardTable entry size: 512
 CPUs: 4 total, 4 available
 Memory: 3971M
 Large Page Support: Disabled
 NUMA Support: Disabled
 Compressed Oops: Enabled (32-bit)
 Alignments: Space 512K, Generation 512K, Heap 2M
 Heap Min Capacity: 100M
 Heap Initial Capacity: 100M
 Heap Max Capacity: 2G
 Pre-touch: Disabled
 Parallel Workers: 4
Heap:
 PSYoungGen      total 2048K, used 501K [0x00000000d5580000, 0x00000000d5880000, 0x0000000100000000)
  eden space 1536K, 7% used [0x00000000d5580000,0x00000000d559d768,0x00000000d5700000)
  from space 512K, 75% used [0x00000000d5800000,0x00000000d5860000,0x00000000d5880000)
  to   space 512K, 0% used [0x00000000d5700000,0x00000000d5700000,0x00000000d5780000)
 ParOldGen       total 584192K, used 147943K [0x0000000080000000, 0x00000000a3a80000, 0x00000000d5580000)
  object space 584192K, 25% used [0x0000000080000000,0x0000000089079f40,0x00000000a3a80000)
 Metaspace       used 78879K, committed 80640K, reserved 1179648K
  class space    used 7734K, committed 8512K, reserved 1048576K
GC Heap History (20 events):
Event: 1841.237 GC heap before
{Heap before GC invocations=1983 (full 5):
 PSYoungGen      total 2560K, used 2208K [0x00000000d5580000, 0x00000000d5900000, 0x0000000100000000)
  eden space 2048K, 100% used [0x00000000d5580000,0x00000000d5780000,0x00000000d5780000)
  from space 512K, 31% used [0x00000000d5800000,0x00000000d5828000,0x00000000d5880000)
  to   space 512K, 0% used [0x00000000d5880000,0x00000000d5880000,0x00000000d5900000)
 ParOldGen       total 584192K, used 144467K [0x0000000080000000, 0x00000000a3a80000, 0x00000000d5580000)
  object space 584192K, 24% used [0x0000000080000000,0x0000000088d14c88,0x00000000a3a80000)
 Metaspace       used 78862K, committed 80640K, reserved 1179648K
  class space    used 7734K, committed 8512K, reserved 1048576K
}
Event: 1841.239 GC heap after
{Heap after GC invocations=1983 (full 5):
 PSYoungGen      total 2560K, used 512K [0x00000000d5580000, 0x00000000d5980000, 0x0000000100000000)
  eden space 2048K, 0% used [0x00000000d5580000,0x00000000d5580000,0x00000000d5780000)
  from space 512K, 100% used [0x00000000d5880000,0x00000000d5900000,0x00000000d5900000)
  to   space 1024K, 0% used [0x00000000d5780000,0x00000000d5780000,0x00000000d5880000)
 ParOldGen       total 584192K, used 144609K [0x0000000080000000, 0x00000000a3a80000, 0x00000000d5580000)
  object space 584192K, 24% used [0x0000000080000000,0x0000000088d38408,0x00000000a3a80000)
 Metaspace       used 78862K, committed 80640K, reserved 1179648K
  class space    used 7734K, committed 8512K, reserved 1048576K
}
Event: 1841.590 GC heap before
{Heap before GC invocations=1984 (full 5):
 PSYoungGen      total 2560K, used 2560K [0x00000000d5580000, 0x00000000d5980000, 0x0000000100000000)
  eden space 2048K, 100% used [0x00000000d5580000,0x00000000d5780000,0x00000000d5780000)
  from space 512K, 100% used [0x00000000d5880000,0x00000000d5900000,0x00000000d5900000)
  to   space 1024K, 0% used [0x00000000d5780000,0x00000000d5780000,0x00000000d5880000)
 ParOldGen       total 584192K, used 144609K [0x0000000080000000, 0x00000000a3a80000, 0x00000000d5580000)
  object space 584192K, 24% used [0x0000000080000000,0x0000000088d38408,0x00000000a3a80000)
 Metaspace       used 78876K, committed 80640K, reserved 1179648K
  class space    used 7734K, committed 8512K, reserved 1048576K
}
Event: 1841.600 GC heap after
{Heap after GC invocations=1984 (full 5):
 PSYoungGen      total 3072K, used 416K [0x00000000d5580000, 0x00000000d5900000, 0x0000000100000000)
  eden space 2048K, 0% used [0x00000000d5580000,0x00000000d5580000,0x00000000d5780000)
  from space 1024K, 40% used [0x00000000d5780000,0x00000000d57e8000,0x00000000d5880000)
  to   space 512K, 0% used [0x00000000d5880000,0x00000000d5880000,0x00000000d5900000)
 ParOldGen       total 584192K, used 145160K [0x0000000080000000, 0x00000000a3a80000, 0x00000000d5580000)
  object space 584192K, 24% used [0x0000000080000000,0x0000000088dc2350,0x00000000a3a80000)
 Metaspace       used 78876K, committed 80640K, reserved 1179648K
  class space    used 7734K, committed 8512K, reserved 1048576K
}
Event: 1842.048 GC heap before
{Heap before GC invocations=1985 (full 5):
 PSYoungGen      total 3072K, used 2464K [0x00000000d5580000, 0x00000000d5900000, 0x0000000100000000)
  eden space 2048K, 100% used [0x00000000d5580000,0x00000000d5780000,0x00000000d5780000)
  from space 1024K, 40% used [0x00000000d5780000,0x00000000d57e8000,0x00000000d5880000)
  to   space 512K, 0% used [0x00000000d5880000,0x00000000d5880000,0x00000000d5900000)
 ParOldGen       total 584192K, used 145160K [0x0000000080000000, 0x00000000a3a80000, 0x00000000d5580000)
  object space 584192K, 24% used [0x0000000080000000,0x0000000088dc2350,0x00000000a3a80000)
 Metaspace       used 78876K, committed 80640K, reserved 1179648K
  class space    used 7734K, committed 8512K, reserved 1048576K
}
Event: 1842.066 GC heap after
{Heap after GC invocations=1985 (full 5):
 PSYoungGen      total 2048K, used 512K [0x00000000d5580000, 0x00000000d5a80000, 0x0000000100000000)
  eden space 1536K, 0% used [0x00000000d5580000,0x00000000d5580000,0x00000000d5700000)
  from space 512K, 100% used [0x00000000d5880000,0x00000000d5900000,0x00000000d5900000)
  to   space 1536K, 0% used [0x00000000d5700000,0x00000000d5700000,0x00000000d5880000)
 ParOldGen       total 584192K, used 145790K [0x0000000080000000, 0x00000000a3a80000, 0x00000000d5580000)
  object space 584192K, 24% used [0x0000000080000000,0x0000000088e5fae0,0x00000000a3a80000)
 Metaspace       used 78876K, committed 80640K, reserved 1179648K
  class space    used 7734K, committed 8512K, reserved 1048576K
}
Event: 1842.159 GC heap before
{Heap before GC invocations=1986 (full 5):
 PSYoungGen      total 2048K, used 2047K [0x00000000d5580000, 0x00000000d5a80000, 0x0000000100000000)
  eden space 1536K, 99% used [0x00000000d5580000,0x00000000d56ffff0,0x00000000d5700000)
  from space 512K, 100% used [0x00000000d5880000,0x00000000d5900000,0x00000000d5900000)
  to   space 1536K, 0% used [0x00000000d5700000,0x00000000d5700000,0x00000000d5880000)
 ParOldGen       total 584192K, used 145790K [0x0000000080000000, 0x00000000a3a80000, 0x00000000d5580000)
  object space 584192K, 24% used [0x0000000080000000,0x0000000088e5fae0,0x00000000a3a80000)
 Metaspace       used 78876K, committed 80640K, reserved 1179648K
  class space    used 7734K, committed 8512K, reserved 1048576K
}
Event: 1842.173 GC heap after
{Heap after GC invocations=1986 (full 5):
 PSYoungGen      total 2048K, used 288K [0x00000000d5580000, 0x00000000d5900000, 0x0000000100000000)
  eden space 1536K, 0% used [0x00000000d5580000,0x00000000d5580000,0x00000000d5700000)
  from space 512K, 56% used [0x00000000d5700000,0x00000000d5748000,0x00000000d5780000)
  to   space 1024K, 0% used [0x00000000d5800000,0x00000000d5800000,0x00000000d5900000)
 ParOldGen       total 584192K, used 146310K [0x0000000080000000, 0x00000000a3a80000, 0x00000000d5580000)
  object space 584192K, 25% used [0x0000000080000000,0x0000000088ee1ae0,0x00000000a3a80000)
 Metaspace       used 78876K, committed 80640K, reserved 1179648K
  class space    used 7734K, committed 8512K, reserved 1048576K
}
Event: 1842.871 GC heap before
{Heap before GC invocations=1987 (full 5):
 PSYoungGen      total 2048K, used 1824K [0x00000000d5580000, 0x00000000d5900000, 0x0000000100000000)
  eden space 1536K, 100% used [0x00000000d5580000,0x00000000d5700000,0x00000000d5700000)
  from space 512K, 56% used [0x00000000d5700000,0x00000000d5748000,0x00000000d5780000)
  to   space 1024K, 0% used [0x00000000d5800000,0x00000000d5800000,0x00000000d5900000)
 ParOldGen       total 584192K, used 146310K [0x0000000080000000, 0x00000000a3a80000, 0x00000000d5580000)
  object space 584192K, 25% used [0x0000000080000000,0x0000000088ee1ae0,0x00000000a3a80000)
 Metaspace       used 78877K, committed 80640K, reserved 1179648K
  class space    used 7734K, committed 8512K, reserved 1048576K
}
Event: 1842.883 GC heap after
{Heap after GC invocations=1987 (full 5):
 PSYoungGen      total 2048K, used 320K [0x00000000d5580000, 0x00000000d5880000, 0x0000000100000000)
  eden space 1536K, 0% used [0x00000000d5580000,0x00000000d5580000,0x00000000d5700000)
  from space 512K, 62% used [0x00000000d5800000,0x00000000d5850000,0x00000000d5880000)
  to   space 512K, 0% used [0x00000000d5700000,0x00000000d5700000,0x00000000d5780000)
 ParOldGen       total 584192K, used 146534K [0x0000000080000000, 0x00000000a3a80000, 0x00000000d5580000)
  object space 584192K, 25% used [0x0000000080000000,0x0000000088f19ae0,0x00000000a3a80000)
 Metaspace       used 78877K, committed 80640K, reserved 1179648K
  class space    used 7734K, committed 8512K, reserved 1048576K
}
Event: 1844.340 GC heap before
{Heap before GC invocations=1988 (full 5):
 PSYoungGen      total 2048K, used 1856K [0x00000000d5580000, 0x00000000d5880000, 0x0000000100000000)
  eden space 1536K, 100% used [0x00000000d5580000,0x00000000d5700000,0x00000000d5700000)
  from space 512K, 62% used [0x00000000d5800000,0x00000000d5850000,0x00000000d5880000)
  to   space 512K, 0% used [0x00000000d5700000,0x00000000d5700000,0x00000000d5780000)
 ParOldGen       total 584192K, used 146534K [0x0000000080000000, 0x00000000a3a80000, 0x00000000d5580000)
  object space 584192K, 25% used [0x0000000080000000,0x0000000088f19ae0,0x00000000a3a80000)
 Metaspace       used 78877K, committed 80640K, reserved 1179648K
  class space    used 7734K, committed 8512K, reserved 1048576K
}
Event: 1844.352 GC heap after
{Heap after GC invocations=1988 (full 5):
 PSYoungGen      total 2048K, used 288K [0x00000000d5580000, 0x00000000d5880000, 0x0000000100000000)
  eden space 1536K, 0% used [0x00000000d5580000,0x00000000d5580000,0x00000000d5700000)
  from space 512K, 56% used [0x00000000d5700000,0x00000000d5748000,0x00000000d5780000)
  to   space 512K, 0% used [0x00000000d5800000,0x00000000d5800000,0x00000000d5880000)
 ParOldGen       total 584192K, used 146780K [0x0000000080000000, 0x00000000a3a80000, 0x00000000d5580000)
  object space 584192K, 25% used [0x0000000080000000,0x0000000088f57260,0x00000000a3a80000)
 Metaspace       used 78877K, committed 80640K, reserved 1179648K
  class space    used 7734K, committed 8512K, reserved 1048576K
}
Event: 1844.369 GC heap before
{Heap before GC invocations=1989 (full 5):
 PSYoungGen      total 2048K, used 1824K [0x00000000d5580000, 0x00000000d5880000, 0x0000000100000000)
  eden space 1536K, 100% used [0x00000000d5580000,0x00000000d5700000,0x00000000d5700000)
  from space 512K, 56% used [0x00000000d5700000,0x00000000d5748000,0x00000000d5780000)
  to   space 512K, 0% used [0x00000000d5800000,0x00000000d5800000,0x00000000d5880000)
 ParOldGen       total 584192K, used 146780K [0x0000000080000000, 0x00000000a3a80000, 0x00000000d5580000)
  object space 584192K, 25% used [0x0000000080000000,0x0000000088f57260,0x00000000a3a80000)
 Metaspace       used 78878K, committed 80640K, reserved 1179648K
  class space    used 7734K, committed 8512K, reserved 1048576K
}
Event: 1844.374 GC heap after
{Heap after GC invocations=1989 (full 5):
 PSYoungGen      total 2048K, used 288K [0x00000000d5580000, 0x00000000d5880000, 0x0000000100000000)
  eden space 1536K, 0% used [0x00000000d5580000,0x00000000d5580000,0x00000000d5700000)
  from space 512K, 56% used [0x00000000d5800000,0x00000000d5848000,0x00000000d5880000)
  to   space 512K, 0% used [0x00000000d5700000,0x00000000d5700000,0x00000000d5780000)
 ParOldGen       total 584192K, used 147004K [0x0000000080000000, 0x00000000a3a80000, 0x00000000d5580000)
  object space 584192K, 25% used [0x0000000080000000,0x0000000088f8f260,0x00000000a3a80000)
 Metaspace       used 78878K, committed 80640K, reserved 1179648K
  class space    used 7734K, committed 8512K, reserved 1048576K
}
Event: 1844.678 GC heap before
{Heap before GC invocations=1990 (full 5):
 PSYoungGen      total 2048K, used 1824K [0x00000000d5580000, 0x00000000d5880000, 0x0000000100000000)
  eden space 1536K, 100% used [0x00000000d5580000,0x00000000d5700000,0x00000000d5700000)
  from space 512K, 56% used [0x00000000d5800000,0x00000000d5848000,0x00000000d5880000)
  to   space 512K, 0% used [0x00000000d5700000,0x00000000d5700000,0x00000000d5780000)
 ParOldGen       total 584192K, used 147004K [0x0000000080000000, 0x00000000a3a80000, 0x00000000d5580000)
  object space 584192K, 25% used [0x0000000080000000,0x0000000088f8f260,0x00000000a3a80000)
 Metaspace       used 78878K, committed 80640K, reserved 1179648K
  class space    used 7734K, committed 8512K, reserved 1048576K
}
Event: 1844.686 GC heap after
{Heap after GC invocations=1990 (full 5):
 PSYoungGen      total 2048K, used 128K [0x00000000d5580000, 0x00000000d5880000, 0x0000000100000000)
  eden space 1536K, 0% used [0x00000000d5580000,0x00000000d5580000,0x00000000d5700000)
  from space 512K, 25% used [0x00000000d5700000,0x00000000d5720000,0x00000000d5780000)
  to   space 512K, 0% used [0x00000000d5800000,0x00000000d5800000,0x00000000d5880000)
 ParOldGen       total 584192K, used 147244K [0x0000000080000000, 0x00000000a3a80000, 0x00000000d5580000)
  object space 584192K, 25% used [0x0000000080000000,0x0000000088fcb040,0x00000000a3a80000)
 Metaspace       used 78878K, committed 80640K, reserved 1179648K
  class space    used 7734K, committed 8512K, reserved 1048576K
}
Event: 1844.742 GC heap before
{Heap before GC invocations=1991 (full 5):
 PSYoungGen      total 2048K, used 1664K [0x00000000d5580000, 0x00000000d5880000, 0x0000000100000000)
  eden space 1536K, 100% used [0x00000000d5580000,0x00000000d5700000,0x00000000d5700000)
  from space 512K, 25% used [0x00000000d5700000,0x00000000d5720000,0x00000000d5780000)
  to   space 512K, 0% used [0x00000000d5800000,0x00000000d5800000,0x00000000d5880000)
 ParOldGen       total 584192K, used 147244K [0x0000000080000000, 0x00000000a3a80000, 0x00000000d5580000)
  object space 584192K, 25% used [0x0000000080000000,0x0000000088fcb040,0x00000000a3a80000)
 Metaspace       used 78879K, committed 80640K, reserved 1179648K
  class space    used 7734K, committed 8512K, reserved 1048576K
}
Event: 1844.744 GC heap after
{Heap after GC invocations=1991 (full 5):
 PSYoungGen      total 2048K, used 160K [0x00000000d5580000, 0x00000000d5880000, 0x0000000100000000)
  eden space 1536K, 0% used [0x00000000d5580000,0x00000000d5580000,0x00000000d5700000)
  from space 512K, 31% used [0x00000000d5800000,0x00000000d5828000,0x00000000d5880000)
  to   space 512K, 0% used [0x00000000d5700000,0x00000000d5700000,0x00000000d5780000)
 ParOldGen       total 584192K, used 147284K [0x0000000080000000, 0x00000000a3a80000, 0x00000000d5580000)
  object space 584192K, 25% used [0x0000000080000000,0x0000000088fd5040,0x00000000a3a80000)
 Metaspace       used 78879K, committed 80640K, reserved 1179648K
  class space    used 7734K, committed 8512K, reserved 1048576K
}
Event: 1845.057 GC heap before
{Heap before GC invocations=1992 (full 5):
 PSYoungGen      total 2048K, used 1696K [0x00000000d5580000, 0x00000000d5880000, 0x0000000100000000)
  eden space 1536K, 100% used [0x00000000d5580000,0x00000000d5700000,0x00000000d5700000)
  from space 512K, 31% used [0x00000000d5800000,0x00000000d5828000,0x00000000d5880000)
  to   space 512K, 0% used [0x00000000d5700000,0x00000000d5700000,0x00000000d5780000)
 ParOldGen       total 584192K, used 147284K [0x0000000080000000, 0x00000000a3a80000, 0x00000000d5580000)
  object space 584192K, 25% used [0x0000000080000000,0x0000000088fd5040,0x00000000a3a80000)
 Metaspace       used 78879K, committed 80640K, reserved 1179648K
  class space    used 7734K, committed 8512K, reserved 1048576K
}
Event: 1845.065 GC heap after
{Heap after GC invocations=1992 (full 5):
 PSYoungGen      total 2048K, used 512K [0x00000000d5580000, 0x00000000d5900000, 0x0000000100000000)
  eden space 1536K, 0% used [0x00000000d5580000,0x00000000d5580000,0x00000000d5700000)
  from space 512K, 100% used [0x00000000d5700000,0x00000000d5780000,0x00000000d5780000)
  to   space 1024K, 0% used [0x00000000d5800000,0x00000000d5800000,0x00000000d5900000)
 ParOldGen       total 584192K, used 147436K [0x0000000080000000, 0x00000000a3a80000, 0x00000000d5580000)
  object space 584192K, 25% used [0x0000000080000000,0x0000000088ffb040,0x00000000a3a80000)
 Metaspace       used 78879K, committed 80640K, reserved 1179648K
  class space    used 7734K, committed 8512K, reserved 1048576K
}

