# JRE version: OpenJDK Runtime Environment Temurin-21.0.11+10 (21.0.11+10) (build 21.0.11+10-LTS)
# Java VM: OpenJDK 64-Bit Server VM Temurin-21.0.11+10 (21.0.11+10-LTS, mixed mode, sharing, tiered, compressed oops, compressed class ptrs, parallel gc, windows-amd64)
GC Precious Log:
 CardTable entry size: 512
 CPUs: 4 total, 4 available
 Memory: 3971M
 Large Page Support: Disabled
 NUMA Support: Disabled
 Compressed Oops: Enabled (32-bit)
 Alignments: Space 512K, Generation 512K, Heap 2M
 Heap Min Capacity: 100M
 Heap Initial Capacity: 100M
 Heap Max Capacity: 2G
 Pre-touch: Disabled
 Parallel Workers: 4
Heap:
 PSYoungGen      total 2048K, used 1632K [0x00000000d5580000, 0x00000000d5980000, 0x0000000100000000)
  eden space 1024K, 75% used [0x00000000d5580000,0x00000000d5640010,0x00000000d5680000)
  from space 1024K, 84% used [0x00000000d5880000,0x00000000d5958000,0x00000000d5980000)
  to   space 1024K, 0% used [0x00000000d5780000,0x00000000d5780000,0x00000000d5880000)
 ParOldGen       total 956928K, used 956883K [0x0000000080000000, 0x00000000ba680000, 0x00000000d5580000)
  object space 956928K, 99% used [0x0000000080000000,0x00000000ba674ec0,0x00000000ba680000)
 Metaspace       used 76693K, committed 78336K, reserved 1179648K
  class space    used 7896K, committed 8640K, reserved 1048576K
GC Heap History (20 events):
Event: 471.901 GC heap before
{Heap before GC invocations=2198 (full 3):
 PSYoungGen      total 1536K, used 1014K [0x00000000d5580000, 0x00000000d5880000, 0x0000000100000000)
  eden space 512K, 89% used [0x00000000d5580000,0x00000000d55f2168,0x00000000d5600000)
  from space 1024K, 54% used [0x00000000d5780000,0x00000000d580b800,0x00000000d5880000)
  to   space 1024K, 0% used [0x00000000d5600000,0x00000000d5600000,0x00000000d5700000)
 ParOldGen       total 950784K, used 950369K [0x0000000080000000, 0x00000000ba080000, 0x00000000d5580000)
  object space 950784K, 99% used [0x0000000080000000,0x00000000ba018450,0x00000000ba080000)
 Metaspace       used 76693K, committed 78336K, reserved 1179648K
  class space    used 7896K, committed 8640K, reserved 1048576K
}
Event: 471.913 GC heap after
{Heap after GC invocations=2198 (full 3):
 PSYoungGen      total 1536K, used 467K [0x00000000d5580000, 0x00000000d5800000, 0x0000000100000000)
  eden space 512K, 0% used [0x00000000d5580000,0x00000000d5580000,0x00000000d5600000)
  from space 1024K, 45% used [0x00000000d5600000,0x00000000d5674fd0,0x00000000d5700000)
  to   space 512K, 0% used [0x00000000d5780000,0x00000000d5780000,0x00000000d5800000)
 ParOldGen       total 951296K, used 950879K [0x0000000080000000, 0x00000000ba100000, 0x00000000d5580000)
  object space 951296K, 99% used [0x0000000080000000,0x00000000ba097c50,0x00000000ba100000)
 Metaspace       used 76693K, committed 78336K, reserved 1179648K
  class space    used 7896K, committed 8640K, reserved 1048576K
}
Event: 471.979 GC heap before
{Heap before GC invocations=2199 (full 3):
 PSYoungGen      total 1536K, used 979K [0x00000000d5580000, 0x00000000d5800000, 0x0000000100000000)
  eden space 512K, 99% used [0x00000000d5580000,0x00000000d55fff68,0x00000000d5600000)
  from space 1024K, 45% used [0x00000000d5600000,0x00000000d5674fd0,0x00000000d5700000)
  to   space 512K, 0% used [0x00000000d5780000,0x00000000d5780000,0x00000000d5800000)
 ParOldGen       total 951296K, used 950879K [0x0000000080000000, 0x00000000ba100000, 0x00000000d5580000)
  object space 951296K, 99% used [0x0000000080000000,0x00000000ba097c50,0x00000000ba100000)
 Metaspace       used 76693K, committed 78336K, reserved 1179648K
  class space    used 7896K, committed 8640K, reserved 1048576K
}
Event: 471.989 GC heap after
{Heap after GC invocations=2199 (full 3):
 PSYoungGen      total 1024K, used 491K [0x00000000d5580000, 0x00000000d5900000, 0x0000000100000000)
  eden space 512K, 0% used [0x00000000d5580000,0x00000000d5580000,0x00000000d5600000)
  from space 512K, 96% used [0x00000000d5780000,0x00000000d57fae60,0x00000000d5800000)
  to   space 1536K, 0% used [0x00000000d5600000,0x00000000d5600000,0x00000000d5780000)
 ParOldGen       total 951808K, used 951344K [0x0000000080000000, 0x00000000ba180000, 0x00000000d5580000)
  object space 951808K, 99% used [0x0000000080000000,0x00000000ba10c170,0x00000000ba180000)
 Metaspace       used 76693K, committed 78336K, reserved 1179648K
  class space    used 7896K, committed 8640K, reserved 1048576K
}
Event: 472.310 GC heap before
{Heap before GC invocations=2200 (full 3):
 PSYoungGen      total 1024K, used 928K [0x00000000d5580000, 0x00000000d5900000, 0x0000000100000000)
  eden space 512K, 85% used [0x00000000d5580000,0x00000000d55ed478,0x00000000d5600000)
  from space 512K, 96% used [0x00000000d5780000,0x00000000d57fae60,0x00000000d5800000)
  to   space 1536K, 0% used [0x00000000d5600000,0x00000000d5600000,0x00000000d5780000)
 ParOldGen       total 951808K, used 951344K [0x0000000080000000, 0x00000000ba180000, 0x00000000d5580000)
  object space 951808K, 99% used [0x0000000080000000,0x00000000ba10c170,0x00000000ba180000)
 Metaspace       used 76693K, committed 78336K, reserved 1179648K
  class space    used 7896K, committed 8640K, reserved 1048576K
}
Event: 472.314 GC heap after
{Heap after GC invocations=2200 (full 3):
 PSYoungGen      total 1024K, used 459K [0x00000000d5580000, 0x00000000d5800000, 0x0000000100000000)
  eden space 512K, 0% used [0x00000000d5580000,0x00000000d5580000,0x00000000d5600000)
  from space 512K, 89% used [0x00000000d5600000,0x00000000d5672c00,0x00000000d5680000)
  to   space 1024K, 0% used [0x00000000d5700000,0x00000000d5700000,0x00000000d5800000)
 ParOldGen       total 952320K, used 951838K [0x0000000080000000, 0x00000000ba200000, 0x00000000d5580000)
  object space 952320K, 99% used [0x0000000080000000,0x00000000ba187a48,0x00000000ba200000)
 Metaspace       used 76693K, committed 78336K, reserved 1179648K
  class space    used 7896K, committed 8640K, reserved 1048576K
}
Event: 472.792 GC heap before
{Heap before GC invocations=2201 (full 3):
 PSYoungGen      total 1024K, used 971K [0x00000000d5580000, 0x00000000d5800000, 0x0000000100000000)
  eden space 512K, 100% used [0x00000000d5580000,0x00000000d5600000,0x00000000d5600000)
  from space 512K, 89% used [0x00000000d5600000,0x00000000d5672c00,0x00000000d5680000)
  to   space 1024K, 0% used [0x00000000d5700000,0x00000000d5700000,0x00000000d5800000)
 ParOldGen       total 953344K, used 953294K [0x0000000080000000, 0x00000000ba300000, 0x00000000d5580000)
  object space 953344K, 99% used [0x0000000080000000,0x00000000ba2f3a48,0x00000000ba300000)
 Metaspace       used 76693K, committed 78336K, reserved 1179648K
  class space    used 7896K, committed 8640K, reserved 1048576K
}
Event: 472.799 GC heap after
{Heap after GC invocations=2201 (full 3):
 PSYoungGen      total 1536K, used 523K [0x00000000d5580000, 0x00000000d5800000, 0x0000000100000000)
  eden space 512K, 0% used [0x00000000d5580000,0x00000000d5580000,0x00000000d5600000)
  from space 1024K, 51% used [0x00000000d5700000,0x00000000d5782c00,0x00000000d5800000)
  to   space 1024K, 0% used [0x00000000d5600000,0x00000000d5600000,0x00000000d5700000)
 ParOldGen       total 953856K, used 953721K [0x0000000080000000, 0x00000000ba380000, 0x00000000d5580000)
  object space 953856K, 99% used [0x0000000080000000,0x00000000ba35e648,0x00000000ba380000)
 Metaspace       used 76693K, committed 78336K, reserved 1179648K
  class space    used 7896K, committed 8640K, reserved 1048576K
}
Event: 472.923 GC heap before
{Heap before GC invocations=2202 (full 3):
 PSYoungGen      total 1536K, used 1035K [0x00000000d5580000, 0x00000000d5800000, 0x0000000100000000)
  eden space 512K, 100% used [0x00000000d5580000,0x00000000d5600000,0x00000000d5600000)
  from space 1024K, 51% used [0x00000000d5700000,0x00000000d5782c00,0x00000000d5800000)
  to   space 1024K, 0% used [0x00000000d5600000,0x00000000d5600000,0x00000000d5700000)
 ParOldGen       total 953856K, used 953721K [0x0000000080000000, 0x00000000ba380000, 0x00000000d5580000)
  object space 953856K, 99% used [0x0000000080000000,0x00000000ba35e648,0x00000000ba380000)
 Metaspace       used 76693K, committed 78336K, reserved 1179648K
  class space    used 7896K, committed 8640K, reserved 1048576K
}
Event: 472.929 GC heap after
{Heap after GC invocations=2202 (full 3):
 PSYoungGen      total 1536K, used 555K [0x00000000d5580000, 0x00000000d5800000, 0x0000000100000000)
  eden space 512K, 0% used [0x00000000d5580000,0x00000000d5580000,0x00000000d5600000)
  from space 1024K, 54% used [0x00000000d5600000,0x00000000d568aee8,0x00000000d5700000)
  to   space 1024K, 0% used [0x00000000d5700000,0x00000000d5700000,0x00000000d5800000)
 ParOldGen       total 954368K, used 954229K [0x0000000080000000, 0x00000000ba400000, 0x00000000d5580000)
  object space 954368K, 99% used [0x0000000080000000,0x00000000ba3dd768,0x00000000ba400000)
 Metaspace       used 76693K, committed 78336K, reserved 1179648K
  class space    used 7896K, committed 8640K, reserved 1048576K
}
Event: 473.072 GC heap before
{Heap before GC invocations=2203 (full 3):
 PSYoungGen      total 1536K, used 1067K [0x00000000d5580000, 0x00000000d5800000, 0x0000000100000000)
  eden space 512K, 100% used [0x00000000d5580000,0x00000000d5600000,0x00000000d5600000)
  from space 1024K, 54% used [0x00000000d5600000,0x00000000d568aee8,0x00000000d5700000)
  to   space 1024K, 0% used [0x00000000d5700000,0x00000000d5700000,0x00000000d5800000)
 ParOldGen       total 954368K, used 954229K [0x0000000080000000, 0x00000000ba400000, 0x00000000d5580000)
  object space 954368K, 99% used [0x0000000080000000,0x00000000ba3dd768,0x00000000ba400000)
 Metaspace       used 76693K, committed 78336K, reserved 1179648K
  class space    used 7896K, committed 8640K, reserved 1048576K
}
Event: 473.082 GC heap after
{Heap after GC invocations=2203 (full 3):
 PSYoungGen      total 1536K, used 539K [0x00000000d5580000, 0x00000000d5800000, 0x0000000100000000)
  eden space 512K, 0% used [0x00000000d5580000,0x00000000d5580000,0x00000000d5600000)
  from space 1024K, 52% used [0x00000000d5700000,0x00000000d5786f48,0x00000000d5800000)
  to   space 1024K, 0% used [0x00000000d5600000,0x00000000d5600000,0x00000000d5700000)
 ParOldGen       total 954880K, used 954749K [0x0000000080000000, 0x00000000ba480000, 0x00000000d5580000)
  object space 954880K, 99% used [0x0000000080000000,0x00000000ba45f648,0x00000000ba480000)
 Metaspace       used 76693K, committed 78336K, reserved 1179648K
  class space    used 7896K, committed 8640K, reserved 1048576K
}
Event: 473.095 GC heap before
{Heap before GC invocations=2204 (full 3):
 PSYoungGen      total 1536K, used 1051K [0x00000000d5580000, 0x00000000d5800000, 0x0000000100000000)
  eden space 512K, 100% used [0x00000000d5580000,0x00000000d5600000,0x00000000d5600000)
  from space 1024K, 52% used [0x00000000d5700000,0x00000000d5786f48,0x00000000d5800000)
  to   space 1024K, 0% used [0x00000000d5600000,0x00000000d5600000,0x00000000d5700000)
 ParOldGen       total 954880K, used 954749K [0x0000000080000000, 0x00000000ba480000, 0x00000000d5580000)
  object space 954880K, 99% used [0x0000000080000000,0x00000000ba45f648,0x00000000ba480000)
 Metaspace       used 76693K, committed 78336K, reserved 1179648K
  class space    used 7896K, committed 8640K, reserved 1048576K
}
Event: 473.109 GC heap after
{Heap after GC invocations=2204 (full 3):
 PSYoungGen      total 1536K, used 567K [0x00000000d5580000, 0x00000000d5800000, 0x0000000100000000)
  eden space 512K, 0% used [0x00000000d5580000,0x00000000d5580000,0x00000000d5600000)
  from space 1024K, 55% used [0x00000000d5600000,0x00000000d568de90,0x00000000d5700000)
  to   space 1024K, 0% used [0x00000000d5700000,0x00000000d5700000,0x00000000d5800000)
 ParOldGen       total 955392K, used 955261K [0x0000000080000000, 0x00000000ba500000, 0x00000000d5580000)
  object space 955392K, 99% used [0x0000000080000000,0x00000000ba4df588,0x00000000ba500000)
 Metaspace       used 76693K, committed 78336K, reserved 1179648K
  class space    used 7896K, committed 8640K, reserved 1048576K
}
Event: 473.116 GC heap before
{Heap before GC invocations=2205 (full 3):
 PSYoungGen      total 1536K, used 1001K [0x00000000d5580000, 0x00000000d5800000, 0x0000000100000000)
  eden space 512K, 84% used [0x00000000d5580000,0x00000000d55ec600,0x00000000d5600000)
  from space 1024K, 55% used [0x00000000d5600000,0x00000000d568de90,0x00000000d5700000)
  to   space 1024K, 0% used [0x00000000d5700000,0x00000000d5700000,0x00000000d5800000)
 ParOldGen       total 955392K, used 955261K [0x0000000080000000, 0x00000000ba500000, 0x00000000d5580000)
  object space 955392K, 99% used [0x0000000080000000,0x00000000ba4df588,0x00000000ba500000)
 Metaspace       used 76693K, committed 78336K, reserved 1179648K
  class space    used 7896K, committed 8640K, reserved 1048576K
}
Event: 473.124 GC heap after
{Heap after GC invocations=2205 (full 3):
 PSYoungGen      total 1536K, used 476K [0x00000000d5580000, 0x00000000d5780000, 0x0000000100000000)
  eden space 1024K, 0% used [0x00000000d5580000,0x00000000d5580000,0x00000000d5680000)
  from space 512K, 92% used [0x00000000d5700000,0x00000000d5777000,0x00000000d5780000)
  to   space 512K, 0% used [0x00000000d5680000,0x00000000d5680000,0x00000000d5700000)
 ParOldGen       total 955904K, used 955773K [0x0000000080000000, 0x00000000ba580000, 0x00000000d5580000)
  object space 955904K, 99% used [0x0000000080000000,0x00000000ba55f418,0x00000000ba580000)
 Metaspace       used 76693K, committed 78336K, reserved 1179648K
  class space    used 7896K, committed 8640K, reserved 1048576K
}
Event: 474.650 GC heap before
{Heap before GC invocations=2206 (full 3):
 PSYoungGen      total 1536K, used 1500K [0x00000000d5580000, 0x00000000d5780000, 0x0000000100000000)
  eden space 1024K, 100% used [0x00000000d5580000,0x00000000d5680000,0x00000000d5680000)
  from space 512K, 92% used [0x00000000d5700000,0x00000000d5777000,0x00000000d5780000)
  to   space 512K, 0% used [0x00000000d5680000,0x00000000d5680000,0x00000000d5700000)
 ParOldGen       total 955904K, used 955773K [0x0000000080000000, 0x00000000ba580000, 0x00000000d5580000)
  object space 955904K, 99% used [0x0000000080000000,0x00000000ba55f418,0x00000000ba580000)
 Metaspace       used 76693K, committed 78336K, reserved 1179648K
  class space    used 7896K, committed 8640K, reserved 1048576K
}
Event: 474.664 GC heap after
{Heap after GC invocations=2206 (full 3):
 PSYoungGen      total 1536K, used 500K [0x00000000d5580000, 0x00000000d5a00000, 0x0000000100000000)
  eden space 1024K, 0% used [0x00000000d5580000,0x00000000d5580000,0x00000000d5680000)
  from space 512K, 97% used [0x00000000d5680000,0x00000000d56fd000,0x00000000d5700000)
  to   space 1536K, 0% used [0x00000000d5880000,0x00000000d5880000,0x00000000d5a00000)
 ParOldGen       total 956416K, used 956377K [0x0000000080000000, 0x00000000ba600000, 0x00000000d5580000)
  object space 956416K, 99% used [0x0000000080000000,0x00000000ba5f6418,0x00000000ba600000)
 Metaspace       used 76693K, committed 78336K, reserved 1179648K
  class space    used 7896K, committed 8640K, reserved 1048576K
}
Event: 477.483 GC heap before
{Heap before GC invocations=2207 (full 3):
 PSYoungGen      total 1536K, used 1523K [0x00000000d5580000, 0x00000000d5a00000, 0x0000000100000000)
  eden space 1024K, 99% used [0x00000000d5580000,0x00000000d567fff0,0x00000000d5680000)
  from space 512K, 97% used [0x00000000d5680000,0x00000000d56fd000,0x00000000d5700000)
  to   space 1536K, 0% used [0x00000000d5880000,0x00000000d5880000,0x00000000d5a00000)
 ParOldGen       total 956416K, used 956377K [0x0000000080000000, 0x00000000ba600000, 0x00000000d5580000)
  object space 956416K, 99% used [0x0000000080000000,0x00000000ba5f6418,0x00000000ba600000)
 Metaspace       used 76693K, committed 78336K, reserved 1179648K
  class space    used 7896K, committed 8640K, reserved 1048576K
}
Event: 477.497 GC heap after
{Heap after GC invocations=2207 (full 3):
 PSYoungGen      total 2048K, used 864K [0x00000000d5580000, 0x00000000d5980000, 0x0000000100000000)
  eden space 1024K, 0% used [0x00000000d5580000,0x00000000d5580000,0x00000000d5680000)
  from space 1024K, 84% used [0x00000000d5880000,0x00000000d5958000,0x00000000d5980000)
  to   space 1024K, 0% used [0x00000000d5780000,0x00000000d5780000,0x00000000d5880000)
 ParOldGen       total 956928K, used 956883K [0x0000000080000000, 0x00000000ba680000, 0x00000000d5580000)
  object space 956928K, 99% used [0x0000000080000000,0x00000000ba674ec0,0x00000000ba680000)
 Metaspace       used 76693K, committed 78336K, reserved 1179648K
  class space    used 7896K, committed 8640K, reserved 1048576K
}

